<?xml version="1.0" encoding="UTF-8"?>
<!-- Generated by org.testng.reporters.JUnitReportReporter -->
<testsuite hostname="LAPTOP-LDDE6EAS" name="com.library.qa.testcases.LoginPageTest" tests="3" failures="0" timestamp="16 May 2019 22:42:15 GMT" time="56.040" errors="0">
  <testcase name="loginPageLogoTest" time="30.300" classname="com.library.qa.testcases.LoginPageTest"/>
  <testcase name="loginPageTitleTest" time="11.670" classname="com.library.qa.testcases.LoginPageTest"/>
  <testcase name="signinTest" time="14.070" classname="com.library.qa.testcases.LoginPageTest"/>
</testsuite> <!-- com.library.qa.testcases.LoginPageTest -->
